<?xml version="1.0" encoding="UTF-8"?>
<testsuite name="de.andi1984.cadence.RecurrenceEngineTest" tests="13" skipped="0" failures="0" errors="0" timestamp="2026-08-07T20:43:35" hostname="gaming-pc-ubuntu" time="0.005">
  <properties/>
  <testcase name="after completion counts from the day it was finished" classname="de.andi1984.cadence.RecurrenceEngineTest" time="0.001"/>
  <testcase name="every two weeks keeps the weekday and skips a week" classname="de.andi1984.cadence.RecurrenceEngineTest" time="0.0"/>
  <testcase name="nth weekday of the month" classname="de.andi1984.cadence.RecurrenceEngineTest" time="0.0"/>
  <testcase name="monthly on a fixed day rolls into the next month" classname="de.andi1984.cadence.RecurrenceEngineTest" time="0.0"/>
  <testcase name="last day of month" classname="de.andi1984.cadence.RecurrenceEngineTest" time="0.001"/>
  <testcase name="summaries carry the pieces the wording needs" classname="de.andi1984.cadence.RecurrenceEngineTest" time="0.0"/>
  <testcase name="keeping missed instances leaves the series where it was" classname="de.andi1984.cadence.RecurrenceEngineTest" time="0.001"/>
  <testcase name="the preview returns three increasing dates" classname="de.andi1984.cadence.RecurrenceEngineTest" time="0.0"/>
  <testcase name="a day of month past the end of a short month is clamped" classname="de.andi1984.cadence.RecurrenceEngineTest" time="0.0"/>
  <testcase name="weekly summaries keep the selected days in order" classname="de.andi1984.cadence.RecurrenceEngineTest" time="0.001"/>
  <testcase name="dropping missed instances catches the series up" classname="de.andi1984.cadence.RecurrenceEngineTest" time="0.001"/>
  <testcase name="last weekday never lands on a weekend and is the last one in the month" classname="de.andi1984.cadence.RecurrenceEngineTest" time="0.0"/>
  <testcase name="weekly with several days picks the next one in the same week" classname="de.andi1984.cadence.RecurrenceEngineTest" time="0.0"/>
  <system-out><![CDATA[]]></system-out>
  <system-err><![CDATA[]]></system-err>
</testsuite>
